Determining if the pthread_create exist failed with the following output:
Change Dir: /home/brasse/Regin-mountain-of-treasures/cmake-build-debug/CMakeFiles/CMakeTmp

Run Build Command:"/usr/bin/make" "cmTC_2fe14/fast"
/usr/bin/make -f CMakeFiles/cmTC_2fe14.dir/build.make CMakeFiles/cmTC_2fe14.dir/build
make[1]: Entering directory '/home/brasse/Regin-mountain-of-treasures/cmake-build-debug/CMakeFiles/CMakeTmp'
Building C object CMakeFiles/cmTC_2fe14.dir/CheckSymbolExists.c.o
/usr/lib/hardening-wrapper/bin/cc    -o CMakeFiles/cmTC_2fe14.dir/CheckSymbolExists.c.o   -c /home/brasse/Regin-mountain-of-treasures/cmake-build-debug/CMakeFiles/CMakeTmp/CheckSymbolExists.c
Linking C executable cmTC_2fe14
/opt/clion/bin/cmake/bin/cmake -E cmake_link_script CMakeFiles/cmTC_2fe14.dir/link.txt --verbose=1
/usr/lib/hardening-wrapper/bin/cc      CMakeFiles/cmTC_2fe14.dir/CheckSymbolExists.c.o  -o cmTC_2fe14 
CMakeFiles/cmTC_2fe14.dir/CheckSymbolExists.c.o: In function `main':
CheckSymbolExists.c:(.text+0x1b): undefined reference to `pthread_create'
collect2: error: ld returned 1 exit status
make[1]: *** [CMakeFiles/cmTC_2fe14.dir/build.make:98: cmTC_2fe14] Error 1
make[1]: Leaving directory '/home/brasse/Regin-mountain-of-treasures/cmake-build-debug/CMakeFiles/CMakeTmp'
make: *** [Makefile:126: cmTC_2fe14/fast] Error 2

File /home/brasse/Regin-mountain-of-treasures/cmake-build-debug/CMakeFiles/CMakeTmp/CheckSymbolExists.c:
/* */
#include <pthread.h>

int main(int argc, char** argv)
{
  (void)argv;
#ifndef pthread_create
  return ((int*)(&pthread_create))[argc];
#else
  (void)argc;
  return 0;
#endif
}

Determining if the function pthread_create exists in the pthreads failed with the following output:
Change Dir: /home/brasse/Regin-mountain-of-treasures/cmake-build-debug/CMakeFiles/CMakeTmp

Run Build Command:"/usr/bin/make" "cmTC_2a7ce/fast"
/usr/bin/make -f CMakeFiles/cmTC_2a7ce.dir/build.make CMakeFiles/cmTC_2a7ce.dir/build
make[1]: Entering directory '/home/brasse/Regin-mountain-of-treasures/cmake-build-debug/CMakeFiles/CMakeTmp'
Building C object CMakeFiles/cmTC_2a7ce.dir/CheckFunctionExists.c.o
/usr/lib/hardening-wrapper/bin/cc   -DCHECK_FUNCTION_EXISTS=pthread_create   -o CMakeFiles/cmTC_2a7ce.dir/CheckFunctionExists.c.o   -c /opt/clion/bin/cmake/share/cmake-3.10/Modules/CheckFunctionExists.c
Linking C executable cmTC_2a7ce
/opt/clion/bin/cmake/bin/cmake -E cmake_link_script CMakeFiles/cmTC_2a7ce.dir/link.txt --verbose=1
/usr/lib/hardening-wrapper/bin/cc  -DCHECK_FUNCTION_EXISTS=pthread_create    CMakeFiles/cmTC_2a7ce.dir/CheckFunctionExists.c.o  -o cmTC_2a7ce -lpthreads 
/usr/bin/ld: cannot find -lpthreads
collect2: error: ld returned 1 exit status
make[1]: *** [CMakeFiles/cmTC_2a7ce.dir/build.make:98: cmTC_2a7ce] Error 1
make[1]: Leaving directory '/home/brasse/Regin-mountain-of-treasures/cmake-build-debug/CMakeFiles/CMakeTmp'
make: *** [Makefile:126: cmTC_2a7ce/fast] Error 2


